# JRE version: Java(TM) SE Runtime Environment (17.0.12+8) (build 17.0.12+8-LTS-286)
# Java VM: Java HotSpot(TM) 64-Bit Server VM (17.0.12+8-LTS-286, mixed mode, sharing, tiered, compressed oops, compressed class ptrs, g1 gc, windows-amd64)
GC Precious Log:
 CPUs: 16 total, 16 available
 Memory: 16010M
 Large Page Support: Disabled
 NUMA Support: Disabled
 Compressed Oops: Enabled (Zero based)
 Heap Region Size: 2M
 Heap Min Capacity: 8M
 Heap Initial Capacity: 252M
 Heap Max Capacity: 4004M
 Pre-touch: Disabled
 Parallel Workers: 13
 Concurrent Workers: 3
 Concurrent Refinement Workers: 13
 Periodic GC: Disabled
Heap:
 garbage-first heap   total 155648K, used 67664K [0x0000000705c00000, 0x0000000800000000)
  region size 2048K, 16 young (32768K), 1 survivors (2048K)
 Metaspace       used 82127K, committed 82688K, reserved 1179648K
  class space    used 11578K, committed 11840K, reserved 1048576K
GC Heap History (20 events):
Event: 3.508 GC heap before
{Heap before GC invocations=8 (full 0):
 garbage-first heap   total 159744K, used 59397K [0x0000000705c00000, 0x0000000800000000)
  region size 2048K, 22 young (45056K), 2 survivors (4096K)
 Metaspace       used 35657K, committed 36096K, reserved 1114112K
  class space    used 4779K, committed 4992K, reserved 1048576K
}
Event: 3.515 GC heap after
{Heap after GC invocations=9 (full 0):
 garbage-first heap   total 159744K, used 23384K [0x0000000705c00000, 0x0000000800000000)
  region size 2048K, 3 young (6144K), 3 survivors (6144K)
 Metaspace       used 35657K, committed 36096K, reserved 1114112K
  class space    used 4779K, committed 4992K, reserved 1048576K
}
Event: 4.944 GC heap before
{Heap before GC invocations=10 (full 0):
 garbage-first heap   total 90112K, used 70488K [0x0000000705c00000, 0x0000000800000000)
  region size 2048K, 26 young (53248K), 3 survivors (6144K)
 Metaspace       used 44378K, committed 44864K, reserved 1114112K
  class space    used 6307K, committed 6528K, reserved 1048576K
}
Event: 4.954 GC heap after
{Heap after GC invocations=11 (full 0):
 garbage-first heap   total 90112K, used 26201K [0x0000000705c00000, 0x0000000800000000)
  region size 2048K, 3 young (6144K), 3 survivors (6144K)
 Metaspace       used 44378K, committed 44864K, reserved 1114112K
  class space    used 6307K, committed 6528K, reserved 1048576K
}
Event: 5.387 GC heap before
{Heap before GC invocations=11 (full 0):
 garbage-first heap   total 90112K, used 67161K [0x0000000705c00000, 0x0000000800000000)
  region size 2048K, 23 young (47104K), 3 survivors (6144K)
 Metaspace       used 55200K, committed 55744K, reserved 1114112K
  class space    used 7533K, committed 7808K, reserved 1048576K
}
Event: 5.395 GC heap after
{Heap after GC invocations=12 (full 0):
 garbage-first heap   total 90112K, used 28318K [0x0000000705c00000, 0x0000000800000000)
  region size 2048K, 3 young (6144K), 3 survivors (6144K)
 Metaspace       used 55200K, committed 55744K, reserved 1114112K
  class space    used 7533K, committed 7808K, reserved 1048576K
}
Event: 5.604 GC heap before
{Heap before GC invocations=12 (full 0):
 garbage-first heap   total 90112K, used 48798K [0x0000000705c00000, 0x0000000800000000)
  region size 2048K, 14 young (28672K), 3 survivors (6144K)
 Metaspace       used 59804K, committed 60288K, reserved 1114112K
  class space    used 8061K, committed 8320K, reserved 1048576K
}
Event: 5.610 GC heap after
{Heap after GC invocations=13 (full 0):
 garbage-first heap   total 90112K, used 29125K [0x0000000705c00000, 0x0000000800000000)
  region size 2048K, 2 young (4096K), 2 survivors (4096K)
 Metaspace       used 59804K, committed 60288K, reserved 1114112K
  class space    used 8061K, committed 8320K, reserved 1048576K
}
Event: 6.482 GC heap before
{Heap before GC invocations=14 (full 0):
 garbage-first heap   total 90112K, used 70085K [0x0000000705c00000, 0x0000000800000000)
  region size 2048K, 22 young (45056K), 2 survivors (4096K)
 Metaspace       used 66840K, committed 67392K, reserved 1114112K
  class space    used 9269K, committed 9536K, reserved 1048576K
}
Event: 6.492 GC heap after
{Heap after GC invocations=15 (full 0):
 garbage-first heap   total 90112K, used 30369K [0x0000000705c00000, 0x0000000800000000)
  region size 2048K, 3 young (6144K), 3 survivors (6144K)
 Metaspace       used 66840K, committed 67392K, reserved 1114112K
  class space    used 9269K, committed 9536K, reserved 1048576K
}
Event: 7.256 GC heap before
{Heap before GC invocations=15 (full 0):
 garbage-first heap   total 90112K, used 69281K [0x0000000705c00000, 0x0000000800000000)
  region size 2048K, 22 young (45056K), 3 survivors (6144K)
 Metaspace       used 71633K, committed 72192K, reserved 1114112K
  class space    used 9862K, committed 10112K, reserved 1048576K
}
Event: 7.272 GC heap after
{Heap after GC invocations=16 (full 0):
 garbage-first heap   total 108544K, used 32774K [0x0000000705c00000, 0x0000000800000000)
  region size 2048K, 3 young (6144K), 3 survivors (6144K)
 Metaspace       used 71633K, committed 72192K, reserved 1114112K
  class space    used 9862K, committed 10112K, reserved 1048576K
}
Event: 8.724 GC heap before
{Heap before GC invocations=16 (full 0):
 garbage-first heap   total 108544K, used 81926K [0x0000000705c00000, 0x0000000800000000)
  region size 2048K, 28 young (57344K), 3 survivors (6144K)
 Metaspace       used 77298K, committed 77888K, reserved 1179648K
  class space    used 10939K, committed 11200K, reserved 1048576K
}
Event: 8.748 GC heap after
{Heap after GC invocations=17 (full 0):
 garbage-first heap   total 108544K, used 36185K [0x0000000705c00000, 0x0000000800000000)
  region size 2048K, 4 young (8192K), 4 survivors (8192K)
 Metaspace       used 77298K, committed 77888K, reserved 1179648K
  class space    used 10939K, committed 11200K, reserved 1048576K
}
Event: 10.067 GC heap before
{Heap before GC invocations=17 (full 0):
 garbage-first heap   total 108544K, used 83289K [0x0000000705c00000, 0x0000000800000000)
  region size 2048K, 27 young (55296K), 4 survivors (8192K)
 Metaspace       used 79890K, committed 80448K, reserved 1179648K
  class space    used 11329K, committed 11584K, reserved 1048576K
}
Event: 10.104 GC heap after
{Heap after GC invocations=18 (full 0):
 garbage-first heap   total 108544K, used 38350K [0x0000000705c00000, 0x0000000800000000)
  region size 2048K, 3 young (6144K), 3 survivors (6144K)
 Metaspace       used 79890K, committed 80448K, reserved 1179648K
  class space    used 11329K, committed 11584K, reserved 1048576K
}
Event: 10.336 GC heap before
{Heap before GC invocations=18 (full 0):
 garbage-first heap   total 108544K, used 85454K [0x0000000705c00000, 0x0000000800000000)
  region size 2048K, 26 young (53248K), 3 survivors (6144K)
 Metaspace       used 79893K, committed 80448K, reserved 1179648K
  class space    used 11329K, committed 11584K, reserved 1048576K
}
Event: 10.364 GC heap after
{Heap after GC invocations=19 (full 0):
 garbage-first heap   total 108544K, used 41090K [0x0000000705c00000, 0x0000000800000000)
  region size 2048K, 3 young (6144K), 3 survivors (6144K)
 Metaspace       used 79893K, committed 80448K, reserved 1179648K
  class space    used 11329K, committed 11584K, reserved 1048576K
}
Event: 10.857 GC heap before
{Heap before GC invocations=19 (full 0):
 garbage-first heap   total 108544K, used 84098K [0x0000000705c00000, 0x0000000800000000)
  region size 2048K, 24 young (49152K), 3 survivors (6144K)
 Metaspace       used 80024K, committed 80576K, reserved 1179648K
  class space    used 11343K, committed 11584K, reserved 1048576K
}
Event: 10.871 GC heap after
{Heap after GC invocations=20 (full 0):
 garbage-first heap   total 155648K, used 38992K [0x0000000705c00000, 0x0000000800000000)
  region size 2048K, 1 young (2048K), 1 survivors (2048K)
 Metaspace       used 80024K, committed 80576K, reserved 1179648K
  class space    used 11343K, committed 11584K, reserved 1048576K
}

